android/JarvisMobile/app/build/intermediates/manifest_merge_blame_file/debug/processDebugMainManifest/manifest-merger-blame-debug-report.txt
1<?xml version="1.0" encoding="utf-8"?>
2<manifest xmlns:android="http://schemas.android.com/apk/res/android"
3    package="br.com.maurinsoft.jarvismobile.debug"
4    android:versionCode="241"
5    android:versionName="2.4.1-debug" >
6
7    <uses-sdk
8        android:minSdkVersion="26"
9        android:targetSdkVersion="35" />
10
11    <uses-permission android:name="android.permission.INTERNET" />
11-->src\main\AndroidManifest.xml:3:5-67
11-->src\main\AndroidManifest.xml:3:22-64
12    <uses-permission android:name="android.permission.ACCESS_NETWORK_STATE" />
12-->src\main\AndroidManifest.xml:4:5-79
12-->src\main\AndroidManifest.xml:4:22-76
13    <uses-permission android:name="android.permission.ACCESS_WIFI_STATE" />
13-->src\main\AndroidManifest.xml:5:5-76
13-->src\main\AndroidManifest.xml:5:22-73
14    <uses-permission android:name="android.permission.RECORD_AUDIO" />
14-->src\main\AndroidManifest.xml:6:5-71
14-->src\main\AndroidManifest.xml:6:22-68
15    <uses-permission android:name="android.permission.ACCESS_COARSE_LOCATION" />
15-->src\main\AndroidManifest.xml:7:5-81
15-->src\main\AndroidManifest.xml:7:22-78
16    <uses-permission android:name="android.permission.ACCESS_FINE_LOCATION" />
16-->src\main\AndroidManifest.xml:8:5-79
16-->src\main\AndroidManifest.xml:8:22-76
17    <uses-permission android:name="android.permission.POST_NOTIFICATIONS" />
17-->src\main\AndroidManifest.xml:9:5-77
17-->src\main\AndroidManifest.xml:9:22-74
18    <uses-permission android:name="android.permission.FOREGROUND_SERVICE" />
18-->src\main\AndroidManifest.xml:10:5-77
18-->src\main\AndroidManifest.xml:10:22-74
19    <uses-permission android:name="android.permission.FOREGROUND_SERVICE_DATA_SYNC" />
19-->src\main\AndroidManifest.xml:11:5-87
19-->src\main\AndroidManifest.xml:11:22-84
20    <uses-permission android:name="android.permission.FOREGROUND_SERVICE_CONNECTED_DEVICE" />
20-->src\main\AndroidManifest.xml:12:5-94
20-->src\main\AndroidManifest.xml:12:22-91
21    <uses-permission
21-->src\main\AndroidManifest.xml:14:5-95
22        android:name="android.permission.BLUETOOTH"
22-->src\main\AndroidManifest.xml:14:22-65
23        android:maxSdkVersion="30" />
23-->src\main\AndroidManifest.xml:14:66-92
24    <uses-permission
24-->src\main\AndroidManifest.xml:15:5-101
25        android:name="android.permission.BLUETOOTH_ADMIN"
25-->src\main\AndroidManifest.xml:15:22-71
26        android:maxSdkVersion="30" />
26-->src\main\AndroidManifest.xml:15:72-98
27    <uses-permission android:name="android.permission.BLUETOOTH_CONNECT" />
27-->src\main\AndroidManifest.xml:16:5-76
27-->src\main\AndroidManifest.xml:16:22-73
28    <uses-permission android:name="android.permission.BLUETOOTH_ADVERTISE" />
28-->src\main\AndroidManifest.xml:17:5-78
28-->src\main\AndroidManifest.xml:17:22-75
29    <uses-permission
29-->src\main\AndroidManifest.xml:18:5-120
30        android:name="android.permission.BLUETOOTH_SCAN"
30-->src\main\AndroidManifest.xml:18:22-70
31        android:usesPermissionFlags="neverForLocation" />
31-->src\main\AndroidManifest.xml:18:71-117
32
33    <permission
33-->[androidx.core:core:1.15.0] AndroidManifest.xml:22:5-24:47
34        android:name="br.com.maurinsoft.jarvismobile.debug.DYNAMIC_RECEIVER_NOT_EXPORTED_PERMISSION"
34-->[androidx.core:core:1.15.0] AndroidManifest.xml:23:9-81
35        android:protectionLevel="signature" />
35-->[androidx.core:core:1.15.0] AndroidManifest.xml:24:9-44
36
37    <uses-permission android:name="br.com.maurinsoft.jarvismobile.debug.DYNAMIC_RECEIVER_NOT_EXPORTED_PERMISSION" />
37-->[androidx.core:core:1.15.0] AndroidManifest.xml:26:5-97
37-->[androidx.core:core:1.15.0] AndroidManifest.xml:26:22-94
38
39    <application
39-->src\main\AndroidManifest.xml:20:5-66:19
40        android:allowBackup="true"
40-->src\main\AndroidManifest.xml:21:9-35
41        android:appComponentFactory="androidx.core.app.CoreComponentFactory"
41-->[androidx.core:core:1.15.0] AndroidManifest.xml:28:18-86
42        android:debuggable="true"
43        android:extractNativeLibs="false"
44        android:icon="@drawable/ic_jarvis_launcher"
44-->src\main\AndroidManifest.xml:22:9-52
45        android:label="JARVIS Mobile"
45-->src\main\AndroidManifest.xml:24:9-38
46        android:roundIcon="@drawable/ic_jarvis_launcher"
46-->src\main\AndroidManifest.xml:23:9-57
47        android:theme="@style/Theme.JarvisMobile"
47-->src\main\AndroidManifest.xml:25:9-50
48        android:usesCleartextTraffic="true" >
48-->src\main\AndroidManifest.xml:26:9-44
49        <activity
49-->src\main\AndroidManifest.xml:28:9-35:20
50            android:name="br.com.maurinsoft.jarvismobile.MainActivity"
50-->src\main\AndroidManifest.xml:29:13-41
51            android:exported="true" >
51-->src\main\AndroidManifest.xml:30:13-36
52            <intent-filter>
52-->src\main\AndroidManifest.xml:31:13-34:29
53                <action android:name="android.intent.action.MAIN" />
53-->src\main\AndroidManifest.xml:32:17-69
53-->src\main\AndroidManifest.xml:32:25-66
54
55                <category android:name="android.intent.category.LAUNCHER" />
55-->src\main\AndroidManifest.xml:33:17-77
55-->src\main\AndroidManifest.xml:33:27-74
56            </intent-filter>
57        </activity>
58        <activity
58-->src\main\AndroidManifest.xml:37:9-40:57
59            android:name="br.com.maurinsoft.jarvismobile.NewDevicesActivity"
59-->src\main\AndroidManifest.xml:38:13-47
60            android:exported="false"
60-->src\main\AndroidManifest.xml:39:13-37
61            android:theme="@style/Theme.JarvisMobile" />
61-->src\main\AndroidManifest.xml:40:13-54
62        <activity
62-->src\main\AndroidManifest.xml:42:9-45:57
63            android:name="br.com.maurinsoft.jarvismobile.WatchSetupActivity"
63-->src\main\AndroidManifest.xml:43:13-47
64            android:exported="false"
64-->src\main\AndroidManifest.xml:44:13-37
65            android:theme="@style/Theme.JarvisMobile" />
65-->src\main\AndroidManifest.xml:45:13-54
66        <activity
66-->src\main\AndroidManifest.xml:47:9-50:57
67            android:name="br.com.maurinsoft.jarvismobile.WatchCameraActivity"
67-->src\main\AndroidManifest.xml:48:13-48
68            android:exported="false"
68-->src\main\AndroidManifest.xml:49:13-37
69            android:theme="@style/Theme.JarvisMobile" />
69-->src\main\AndroidManifest.xml:50:13-54
70
71        <service
71-->src\main\AndroidManifest.xml:52:9-55:72
72            android:name="br.com.maurinsoft.jarvismobile.JarvisConnectionService"
72-->src\main\AndroidManifest.xml:53:13-52
73            android:exported="false"
73-->src\main\AndroidManifest.xml:54:13-37
74            android:foregroundServiceType="dataSync|connectedDevice" />
74-->src\main\AndroidManifest.xml:55:13-69
75        <service
75-->src\main\AndroidManifest.xml:57:9-65:19
76            android:name="br.com.maurinsoft.jarvismobile.WatchNotificationListener"
76-->src\main\AndroidManifest.xml:58:13-54
77            android:exported="true"
77-->src\main\AndroidManifest.xml:61:13-36
78            android:label="JARVIS Watch Notifications"
78-->src\main\AndroidManifest.xml:59:13-55
79            android:permission="android.permission.BIND_NOTIFICATION_LISTENER_SERVICE" >
79-->src\main\AndroidManifest.xml:60:13-87
80            <intent-filter>
80-->src\main\AndroidManifest.xml:62:13-64:29
81                <action android:name="android.service.notification.NotificationListenerService" />
81-->src\main\AndroidManifest.xml:63:17-99
81-->src\main\AndroidManifest.xml:63:25-96
82            </intent-filter>
83        </service>
84
85        <activity
85-->[androidx.compose.ui:ui-tooling-android:1.7.8] AndroidManifest.xml:23:9-25:39
86            android:name="androidx.compose.ui.tooling.PreviewActivity"
86-->[androidx.compose.ui:ui-tooling-android:1.7.8] AndroidManifest.xml:24:13-71
87            android:exported="true" />
87-->[androidx.compose.ui:ui-tooling-android:1.7.8] AndroidManifest.xml:25:13-36
88
89        <provider
89-->[androidx.emoji2:emoji2:1.3.0] AndroidManifest.xml:24:9-32:20
90            android:name="androidx.startup.InitializationProvider"
90-->[androidx.emoji2:emoji2:1.3.0] AndroidManifest.xml:25:13-67
91            android:authorities="br.com.maurinsoft.jarvismobile.debug.androidx-startup"
91-->[androidx.emoji2:emoji2:1.3.0] AndroidManifest.xml:26:13-68
92            android:exported="false" >
92-->[androidx.emoji2:emoji2:1.3.0] AndroidManifest.xml:27:13-37
93            <meta-data
93-->[androidx.emoji2:emoji2:1.3.0] AndroidManifest.xml:29:13-31:52
94                android:name="androidx.emoji2.text.EmojiCompatInitializer"
94-->[androidx.emoji2:emoji2:1.3.0] AndroidManifest.xml:30:17-75
95                android:value="androidx.startup" />
95-->[androidx.emoji2:emoji2:1.3.0] AndroidManifest.xml:31:17-49
96            <meta-data
96-->[androidx.lifecycle:lifecycle-process:2.9.0] AndroidManifest.xml:29:13-31:52
97                android:name="androidx.lifecycle.ProcessLifecycleInitializer"
97-->[androidx.lifecycle:lifecycle-process:2.9.0] AndroidManifest.xml:30:17-78
98                android:value="androidx.startup" />
98-->[androidx.lifecycle:lifecycle-process:2.9.0] AndroidManifest.xml:31:17-49
99            <meta-data
99-->[androidx.profileinstaller:profileinstaller:1.4.0] AndroidManifest.xml:29:13-31:52
100                android:name="androidx.profileinstaller.ProfileInstallerInitializer"
100-->[androidx.profileinstaller:profileinstaller:1.4.0] AndroidManifest.xml:30:17-85
101                android:value="androidx.startup" />
101-->[androidx.profileinstaller:profileinstaller:1.4.0] AndroidManifest.xml:31:17-49
102        </provider>
103
104        <receiver
104-->[androidx.profileinstaller:profileinstaller:1.4.0] AndroidManifest.xml:34:9-52:20
105            android:name="androidx.profileinstaller.ProfileInstallReceiver"
105-->[androidx.profileinstaller:profileinstaller:1.4.0] AndroidManifest.xml:35:13-76
106            android:directBootAware="false"
106-->[androidx.profileinstaller:profileinstaller:1.4.0] AndroidManifest.xml:36:13-44
107            android:enabled="true"
107-->[androidx.profileinstaller:profileinstaller:1.4.0] AndroidManifest.xml:37:13-35
108            android:exported="true"
108-->[androidx.profileinstaller:profileinstaller:1.4.0] AndroidManifest.xml:38:13-36
109            android:permission="android.permission.DUMP" >
109-->[androidx.profileinstaller:profileinstaller:1.4.0] AndroidManifest.xml:39:13-57
110            <intent-filter>
110-->[androidx.profileinstaller:profileinstaller:1.4.0] AndroidManifest.xml:40:13-42:29
111                <action android:name="androidx.profileinstaller.action.INSTALL_PROFILE" />
111-->[androidx.profileinstaller:profileinstaller:1.4.0] AndroidManifest.xml:41:17-91
111-->[androidx.profileinstaller:profileinstaller:1.4.0] AndroidManifest.xml:41:25-88
112            </intent-filter>
113            <intent-filter>
113-->[androidx.profileinstaller:profileinstaller:1.4.0] AndroidManifest.xml:43:13-45:29
114                <action android:name="androidx.profileinstaller.action.SKIP_FILE" />
114-->[androidx.profileinstaller:profileinstaller:1.4.0] AndroidManifest.xml:44:17-85
114-->[androidx.profileinstaller:profileinstaller:1.4.0] AndroidManifest.xml:44:25-82
115            </intent-filter>
116            <intent-filter>
116-->[androidx.profileinstaller:profileinstaller:1.4.0] AndroidManifest.xml:46:13-48:29
117                <action android:name="androidx.profileinstaller.action.SAVE_PROFILE" />
117-->[androidx.profileinstaller:profileinstaller:1.4.0] AndroidManifest.xml:47:17-88
117-->[androidx.profileinstaller:profileinstaller:1.4.0] AndroidManifest.xml:47:25-85
118            </intent-filter>
119            <intent-filter>
119-->[androidx.profileinstaller:profileinstaller:1.4.0] AndroidManifest.xml:49:13-51:29
120                <action android:name="androidx.profileinstaller.action.BENCHMARK_OPERATION" />
120-->[androidx.profileinstaller:profileinstaller:1.4.0] AndroidManifest.xml:50:17-95
120-->[androidx.profileinstaller:profileinstaller:1.4.0] AndroidManifest.xml:50:25-92
121            </intent-filter>
122        </receiver>
123    </application>
124
125</manifest>